android/build/intermediates/manifest_merge_blame_file/debug/manifest-merger-blame-debug-report.txt
1<?xml version="1.0" encoding="utf-8"?>
2<manifest xmlns:android="http://schemas.android.com/apk/res/android"
3    package="com.reactnative.ivpusic.imagepicker" >
4
5    <uses-sdk android:minSdkVersion="23" />
6
7    <queries>
7-->src/main/AndroidManifest.xml:4:5-8:15
8        <intent>
8-->src/main/AndroidManifest.xml:5:9-7:18
9            <action android:name="android.media.action.IMAGE_CAPTURE" />
9-->src/main/AndroidManifest.xml:6:13-73
9-->src/main/AndroidManifest.xml:6:21-70
10        </intent>
11    </queries>
12
13    <uses-permission android:name="android.permission.WRITE_EXTERNAL_STORAGE" />
13-->src/main/AndroidManifest.xml:10:5-81
13-->src/main/AndroidManifest.xml:10:22-78
14
15    <application>
15-->src/main/AndroidManifest.xml:12:5-27:19
16        <provider
16-->src/main/AndroidManifest.xml:14:9-22:20
17            android:name="com.reactnative.ivpusic.imagepicker.IvpusicImagePickerFileProvider"
17-->src/main/AndroidManifest.xml:15:13-59
18            android:authorities="${applicationId}.provider"
18-->src/main/AndroidManifest.xml:16:13-60
19            android:exported="false"
19-->src/main/AndroidManifest.xml:17:13-37
20            android:grantUriPermissions="true" >
20-->src/main/AndroidManifest.xml:18:13-47
21            <meta-data
21-->src/main/AndroidManifest.xml:19:13-21:78
22                android:name="android.support.FILE_PROVIDER_PATHS"
22-->src/main/AndroidManifest.xml:20:17-67
23                android:resource="@xml/ivpusic_imagepicker_provider_paths" />
23-->src/main/AndroidManifest.xml:21:17-75
24        </provider>
25
26        <activity
26-->src/main/AndroidManifest.xml:24:9-26:72
27            android:name="com.yalantis.ucrop.UCropActivity"
27-->src/main/AndroidManifest.xml:25:13-60
28            android:theme="@style/Theme.AppCompat.Light.NoActionBar" />
28-->src/main/AndroidManifest.xml:26:13-69
29    </application>
30
31</manifest>